/*C1*/SET SCHEMA SYSTEM_LOBS
INSERT INTO BLOCKS VALUES(0,2147483647,0)
COMMIT
/*C21*/SET SCHEMA PUBLIC
CREATE TABLE Cliente (id INTEGER NOT NULL IDENTITY, email VARCHAR(255), endereco VARCHAR(255), nome VARCHAR(255), observacao VARCHAR(255), telefone VARCHAR(255))
/*C11*/SET SCHEMA PUBLIC
INSERT INTO CLIENTE VALUES(0,'fellipecarvalho77@gmail.com','Estrada Doutor Rog\u00e9rio de Moura Estev\u00e3o','Fellipe Carvalho','','(21) 99490-8892')
COMMIT
INSERT INTO CLIENTE VALUES(1,'fellipecarvalho77@gmail.com','Estrada Doutor Rog\u00e9rio de Moura Estev\u00e3o','Fellipe Carvalho','jhgjghjhgjhg','(21) 99490-8892')
COMMIT
DELETE FROM CLIENTE WHERE ID=0
COMMIT
INSERT INTO CLIENTE VALUES(2,'fellipecarvalho77@gmail.com','Estrada Doutor Rog\u00e9rio de Moura Estev\u00e3o','Fellipe Carvalho','','(21) 99490-8892')
COMMIT
INSERT INTO CLIENTE VALUES(3,'fellipecarvalho77@gmail.com','Estrada Doutor Rog\u00e9rio de Moura Estev\u00e3o','Fellipe Carvalho','','(21) 99490-8892')
COMMIT
DISCONNECT
/*C10*/SET SCHEMA PUBLIC
DISCONNECT
/*C9*/SET SCHEMA PUBLIC
DISCONNECT
/*C8*/SET SCHEMA PUBLIC
DISCONNECT
/*C7*/SET SCHEMA PUBLIC
DISCONNECT
/*C6*/SET SCHEMA PUBLIC
DISCONNECT
/*C5*/SET SCHEMA PUBLIC
DISCONNECT
/*C4*/SET SCHEMA PUBLIC
DISCONNECT
/*C3*/SET SCHEMA PUBLIC
DISCONNECT
/*C2*/SET SCHEMA PUBLIC
DISCONNECT
/*C21*/DISCONNECT
/*C20*/SET SCHEMA PUBLIC
DISCONNECT
/*C19*/SET SCHEMA PUBLIC
DISCONNECT
/*C18*/SET SCHEMA PUBLIC
DISCONNECT
/*C17*/SET SCHEMA PUBLIC
DISCONNECT
/*C16*/SET SCHEMA PUBLIC
DISCONNECT
/*C15*/SET SCHEMA PUBLIC
DISCONNECT
/*C14*/SET SCHEMA PUBLIC
DISCONNECT
/*C13*/SET SCHEMA PUBLIC
DISCONNECT
/*C12*/SET SCHEMA PUBLIC
DISCONNECT
